build/app/outputs/mapping/release/seeds.txt
com.bytx.firebasetest.MainActivity
com.bytx.firebasetest.MainActivity: MainActivity()
...
com.lyokone.location.R$drawable: int common_google_signin_btn_icon_light_normal
android.support.v4.graphics.drawable.IconCompatParcelizer: androidx.core.graphics.drawable.IconCompat read(androidx.versionedparcelable.VersionedParcel)
com.google.android.gms.common.Feature: android.os.Parcelable$Creator CREATOR
io.flutter.embedding.engine.FlutterJNI: boolean getIsSoftwareRenderingEnabled()
com.dexterous.flutterlocalnotifications.models.NotificationChannelDetails: java.lang.String groupId
com.google.protobuf.Int32Value
com.dexterous.flutterlocalnotifications.models.NotificationChannelGroupDetails
com.google.android.gms.internal.measurement.zzfk: boolean zzi
com.google.firestore.v1.Target: int QUERY_FIELD_NUMBER
com.google.android.gms.internal.measurement.zzgk: com.google.android.gms.internal.measurement.zzkg zze
com.google.android.datatransport.runtime.backends.BackendResponse$Status: com.google.android.datatransport.runtime.backends.BackendResponse$Status valueOf(java.lang.String)
android.support.v4.media.session.MediaSessionCompat$ResultReceiverWrapper: android.os.Parcelable$Creator CREATOR
com.google.firebase.installations.local.PersistedInstallation$RegistrationStatus: com.google.firebase.installations.local.PersistedInstallation$RegistrationStatus[] values()
com.google.android.gms.internal.firebase-auth-api.zzmg: android.os.Parcelable$Creator CREATOR
com.google.firestore.v1.Write: int UPDATE_FIELD_NUMBER
com.google.firestore.v1.StructuredQuery$CompositeFilter: int FILTERS_FIELD_NUMBER
com.google.android.gms.internal.firebase-auth-api.zzns: android.os.Parcelable$Creator CREATOR
com.google.android.gms.internal.measurement.zzfy: int zzK
com.google.firestore.v1.DocumentMask: com.google.firestore.v1.DocumentMask DEFAULT_INSTANCE
android.support.v4.media.MediaBrowserCompat$MediaItem
com.google.android.gms.common.R$string: int common_google_play_services_unknown_issue
io.flutter.embedding.android.FlutterSplashView$SavedState: android.os.Bundle access$700(io.flutter.embedding.android.FlutterSplashView$SavedState)
com.google.firestore.v1.Write: com.google.firestore.v1.Precondition currentDocument_
com.dexterous.flutterlocalnotifications.models.NotificationChannelAction: com.dexterous.flutterlocalnotifications.models.NotificationChannelAction CreateIfNotExists
io.flutter.embedding.android.DrawableSplashScreen$DrawableSplashScreenView: void setSplashDrawable(android.graphics.drawable.Drawable)
com.google.firestore.v1.Document: int CREATE_TIME_FIELD_NUMBER
com.google.android.gms.internal.firebase-auth-api.zzho: com.google.android.gms.internal.firebase-auth-api.zziw zzf
com.dexterous.flutterlocalnotifications.models.NotificationDetails: java.lang.String channelName
androidx.media.R$id: int action0
com.google.firestore.v1.TransactionOptions: int READ_WRITE_FIELD_NUMBER
com.google.firebase.messaging.FirebaseMessaging: com.google.firebase.messaging.FirebaseMessaging getInstance(com.google.firebase.FirebaseApp)
io.flutter.plugin.editing.ImeSyncDeferringInsetsCallback: boolean access$300(io.flutter.plugin.editing.ImeSyncDeferringInsetsCallback)
org.threeten.bp.temporal.ChronoUnit: org.threeten.bp.temporal.ChronoUnit[] values()
com.dexterous.flutterlocalnotifications.SoundSource: com.dexterous.flutterlocalnotifications.SoundSource[] $VALUES
com.google.android.gms.measurement.AppMeasurement$ConditionalUserProperty: java.lang.String mName
com.google.android.gms.internal.measurement.zzfw
com.google.firestore.v1.DocumentMask
org.threeten.bp.chrono.HijrahChronology: java.lang.Object readResolve()
com.google.android.datatransport.Priority: com.google.android.datatransport.Priority[] values()
io.grpc.okhttp.OkHttpChannelBuilder$NegotiationType: io.grpc.okhttp.OkHttpChannelBuilder$NegotiationType valueOf(java.lang.String)
com.google.android.gms.base.R$drawable: int common_google_signin_btn_text_dark
com.google.android.gms.internal.measurement.zzfy: int zzR