build/app/outputs/mapping/release/usage.txt
com.bytx.firebasetest.R$integer
com.bytx.firebasetest.R$styleable
com.bytx.firebasetest.R$color
com.bytx.firebasetest.R$layout
com.bytx.firebasetest.BuildConfig
com.bytx.firebasetest.R$dimen
com.bytx.firebasetest.R$style
com.bytx.firebasetest.R$string
com.bytx.firebasetest.R$id
com.bytx.firebasetest.R$attr
com.bytx.firebasetest.R$drawable
com.bytx.firebasetest.R
com.bytx.firebasetest.R$mipmap
...
androidx.core.view.accessibility.AccessibilityViewCommand
com.google.common.collect.MapMakerInternalMap$WeakKeyWeakValueSegment
com.google.common.collect.MapMakerInternalMap$HashIterator
io.flutter.plugins.firebase.messaging.R$drawable
com.google.android.gms.common.api.internal.BasePendingResult$CallbackHandler:
    public void <init>()
okhttp3.Call:
    public abstract okhttp3.Request request()
    public abstract okhttp3.Response execute()
    public abstract void cancel()
    public abstract boolean isExecuted()
    public abstract boolean isCanceled()
    public abstract okio.Timeout timeout()
    public abstract okhttp3.Call clone()
com.google.common.reflect.TypeToInstanceMap
com.google.common.util.concurrent.CycleDetectingLockFactory$Policy
com.google.firestore.v1.TransactionOptions$ReadOnlyOrBuilder:
    public abstract boolean hasReadTime()
    public abstract com.google.protobuf.Timestamp getReadTime()
    public abstract com.google.firestore.v1.TransactionOptions$ReadOnly$ConsistencySelectorCase getConsistencySelectorCase()
com.google.android.gms.common.data.AbstractDataBuffer
com.google.android.gms.tasks.zza
androidx.core.animation.AnimatorKt$addPauseListener$listener$1
io.grpc.internal.CompositeReadableBuffer$4
io.grpc.ManagedChannel:
    public abstract boolean isShutdown()
    public abstract boolean isTerminated()
com.google.android.gms.maps.model.StreetViewPanoramaCamera
kotlin.ExceptionsKt__ExceptionsKt
kotlin.ranges.RangesKt___RangesKt
android.support.v4.media.session.MediaSessionCompat$Callback$CallbackHandler
kotlin.io.path.PathsKt
androidx.core.view.WindowInsetsCompat$BuilderImpl29
com.google.common.util.concurrent.ServiceManager$ServiceManagerState$StoppedGuard
com.google.common.collect.Iterators$2
androidx.core.text.PrecomputedTextCompat$Params$Builder
com.google.longrunning.GetOperationRequest$1
kotlin.collections.ArraysKt
com.google.protobuf.DescriptorProtos$SourceCodeInfo$Builder
io.grpc.internal.ServerImpl$ServerListenerImpl
io.grpc.InternalServiceProviders:
    private void <init>()
    public static java.lang.Object load(java.lang.Class,java.lang.Iterable,java.lang.ClassLoader,io.grpc.InternalServiceProviders$PriorityAccessor)
    public static java.util.List loadAll(java.lang.Class,java.lang.Iterable,java.lang.ClassLoader,io.grpc.InternalServiceProviders$PriorityAccessor)
    public static java.lang.Iterable getCandidatesViaServiceLoader(java.lang.Class,java.lang.ClassLoader)
    public static java.lang.Iterable getCandidatesViaHardCoded(java.lang.Class,java.lang.Iterable)
kotlin.comparisons.ComparisonsKt__ComparisonsKt$compareBy$1
com.google.firebase.ktx.R$layout
android.support.v4.media.MediaBrowserCompat$MediaBrowserImplApi21$1
kotlin.text.MatcherMatchResult$groupValues$1
com.google.protobuf.CodedOutputStream$ByteOutputEncoder